<#> Dear Customer, your MTN MoMo application one-time password is :2476.MTN MoMo does not recommend that you share or expose your one-time password with anyone. Be Vigilant. RdbS6eMOXvx N/RywfrtIZL>.
<#> Dear Customer, your MTN MoMo application one-time password is :2527.MTN MoMo does not recommend that you share or expose your one-time password with anyone. Be Vigilant. RdbS6eMOXvx N/RywfrtIZL>.
<#> Dear Customer, your MTN MoMo application one-time password is :2900.MTN MoMo does not recommend that you share or expose your one-time password with anyone. Be Vigilant. RdbS6eMOXvx N/RywfrtIZL>.
<#> Dear Customer, your MTN MoMo application one-time password is :9591.MTN MoMo does not recommend that you share or expose your one-time password with anyone. Be Vigilant. RdbS6eMOXvx N/RywfrtIZL>.
<#> Dear Customer, your MTN MoMo application one-time password is :4666.MTN MoMo does not recommend that you share or expose your one-time password with anyone. Be Vigilant. RdbS6eMOXvx N/RywfrtIZL>.
<#> Dear Customer, your MTN MoMo application one-time password is :0086.MTN MoMo does not recommend that you share or expose your one-time password with anyone. Be Vigilant. RdbS6eMOXvx N/RywfrtIZL>.
Yello!Umaze kugura 2000Rwf(1GB)/30days igura 2,000 RWF
Yello!Umaze kugura 2,000FRW(2GB) igura 2,000 RWF
Yello!Umaze kugura 2,000FRW(2GB) igura 2,000 RWF
Yello!Umaze kugura 500FRW(800MB) igura 500 RWF
Yello!Umaze kugura 500FRW(800MB) igura 500 RWF
A reversal has been initiated for your transaction to Mediatrice UWAYISENGA (250788658286) with 3000 RWF.
Yello!Umaze kugura 200Rwf(50MB) igura 200 RWF
Yello!Umaze kugura 500FRW(800MB) igura 500 RWF
Yello!Umaze kugura 2000Rwf(1.5GB) igura 2,000 RWF
Yello!Umaze kugura 3000Frw=2500Mins+100SMS igura 3,000 RWF
Yello!Umaze kugura 500FRW(800MB) igura 500 RWF
Yello!Umaze kugura 1000Rwf(1GB) igura 1,000 RWF
Yello!Umaze kugura 200Rwf(50MB) igura 200 RWF
Yello!Umaze kugura 1,000FRW(2200MB) igura 1,000 RWF
Yello!Umaze kugura 1,000FRW(2200MB) igura 1,000 RWF
<#> Dear Customer, your MTN MoMo application one-time password is :2632.MTN MoMo does not recommend that you share or expose your one-time password with anyone. Be Vigilant. RdbS6eMOXvx N/RywfrtIZL>.
<#> Dear Customer, your MTN MoMo application one-time password is :1827.MTN MoMo does not recommend that you share or expose your one-time password with anyone. Be Vigilant. RdbS6eMOXvx N/RywfrtIZL>.
1) 2024-08-23 DEPOSIT RWF 25000 Receiver: 250795963036 Sender:  Fee: RWF
Yello!Umaze kugura 5,000FRW(7GB) igura 5,000 RWF
Yello!Umaze kugura 3000Frw=2500Mins+100SMS igura 3,000 RWF
Yello!Umaze kugura 5,000FRW(7GB) igura 5,000 RWF
*143*R*Y'ello, the transaction with amount 14200 RWF for ESICIA LTD with message: 1734874172692585358074144 failed at 2024-09-21 15:49:01 .Please Contact MobileMoney HelpLine for Assistance.Thank you for using MTN MobileMoney.*EN#
*143*S*Your transaction to Mediatrice UWAYISENGA (250788658286) with 3000 RWF has been reversed at 2024-10-07 14:37:00. Your new balance is 10312 RWF. .Thank you for using MTN MobileMoney.*EN#
*143*R*Y'ello, the transaction with amount 11600 RWF for ESICIA LTD with message: 1763055172864732058074359 failed at 2024-10-11 14:00:00 .Please Contact MobileMoney HelpLine for Assistance.Thank you for using MTN MobileMoney.*EN#
Yello!Umaze kugura 3000Frw=2500Mins+100SMS igura 3,000 RWF
You have transferred 50000 RWF to Linda Green (250795963036) from your mobile money account 20077201001 imbank.bank at 2024-10-23 09:59:01. Your new balance:  . Message from sender: . Message to receiver: . Financial Transaction Id: 16400028923.
You have transferred 50000 RWF to Robert Brown (250795963036) from your mobile money account 20077201001 imbank.bank at 2024-10-23 16:43:03. Your new balance:  . Message from sender: . Message to receiver: . Financial Transaction Id: 16406794518.
You have transferred 20000 RWF to Jane Smith (250795963036) from your mobile money account 20077201001 imbank.bank at 2024-10-25 00:33:00. Your new balance:  . Message from sender: . Message to receiver: . Financial Transaction Id: 16433471329.
You have transferred 20000 RWF to Samuel Carter (250795963036) from your mobile money account 20077201001 imbank.bank at 2024-10-25 05:48:00. Your new balance:  . Message from sender: . Message to receiver: . Financial Transaction Id: 16434717507.
You have transferred 50000 RWF to Robert Brown (250795963036) from your mobile money account 20077201001 imbank.bank at 2024-10-26 21:52:01. Your new balance:  . Message from sender: . Message to receiver: . Financial Transaction Id: 16471170286.
You have transferred 10000 RWF to Jane Smith (250795963036) from your mobile money account 20077201001 imbank.bank at 2024-11-05 21:55:02. Your new balance:  . Message from sender: . Message to receiver: . Financial Transaction Id: 16664315282.
*143*R*Y'ello, the transaction with amount 5000 RWF for Data Bundle MTN with message:  failed at 2024-11-12 23:58:00 .Please Contact MobileMoney HelpLine for Assistance.Thank you for using MTN MobileMoney.*EN#
Yello!Umaze kugura 2000Frw=1000Mins+50SMS igura 2,000 RWF
Yello!Umaze kugura 3000Frw=2500Mins+100SMS igura 3,000 RWF
Yello!Umaze kugura 3000Frw=2500Mins+100SMS igura 3,000 RWF
<#> Dear Customer, your MTN MoMo application one-time password is :2476.MTN MoMo does not recommend that you share or expose your one-time password with anyone. Be Vigilant. RdbS6eMOXvx N/RywfrtIZL>.
<#> Dear Customer, your MTN MoMo application one-time password is :2527.MTN MoMo does not recommend that you share or expose your one-time password with anyone. Be Vigilant. RdbS6eMOXvx N/RywfrtIZL>.
<#> Dear Customer, your MTN MoMo application one-time password is :2900.MTN MoMo does not recommend that you share or expose your one-time password with anyone. Be Vigilant. RdbS6eMOXvx N/RywfrtIZL>.
<#> Dear Customer, your MTN MoMo application one-time password is :9591.MTN MoMo does not recommend that you share or expose your one-time password with anyone. Be Vigilant. RdbS6eMOXvx N/RywfrtIZL>.
<#> Dear Customer, your MTN MoMo application one-time password is :4666.MTN MoMo does not recommend that you share or expose your one-time password with anyone. Be Vigilant. RdbS6eMOXvx N/RywfrtIZL>.
<#> Dear Customer, your MTN MoMo application one-time password is :0086.MTN MoMo does not recommend that you share or expose your one-time password with anyone. Be Vigilant. RdbS6eMOXvx N/RywfrtIZL>.
Yello!Umaze kugura 2000Rwf(1GB)/30days igura 2,000 RWF
Yello!Umaze kugura 2,000FRW(2GB) igura 2,000 RWF
Yello!Umaze kugura 2,000FRW(2GB) igura 2,000 RWF
Yello!Umaze kugura 500FRW(800MB) igura 500 RWF
Yello!Umaze kugura 500FRW(800MB) igura 500 RWF
A reversal has been initiated for your transaction to Mediatrice UWAYISENGA (250788658286) with 3000 RWF.
Yello!Umaze kugura 200Rwf(50MB) igura 200 RWF
Yello!Umaze kugura 500FRW(800MB) igura 500 RWF
Yello!Umaze kugura 2000Rwf(1.5GB) igura 2,000 RWF
Yello!Umaze kugura 3000Frw=2500Mins+100SMS igura 3,000 RWF
Yello!Umaze kugura 500FRW(800MB) igura 500 RWF
Yello!Umaze kugura 1000Rwf(1GB) igura 1,000 RWF
Yello!Umaze kugura 200Rwf(50MB) igura 200 RWF
Yello!Umaze kugura 1,000FRW(2200MB) igura 1,000 RWF
Yello!Umaze kugura 1,000FRW(2200MB) igura 1,000 RWF
<#> Dear Customer, your MTN MoMo application one-time password is :2632.MTN MoMo does not recommend that you share or expose your one-time password with anyone. Be Vigilant. RdbS6eMOXvx N/RywfrtIZL>.
<#> Dear Customer, your MTN MoMo application one-time password is :1827.MTN MoMo does not recommend that you share or expose your one-time password with anyone. Be Vigilant. RdbS6eMOXvx N/RywfrtIZL>.
1) 2024-08-23 DEPOSIT RWF 25000 Receiver: 250795963036 Sender:  Fee: RWF
Yello!Umaze kugura 5,000FRW(7GB) igura 5,000 RWF
Yello!Umaze kugura 3000Frw=2500Mins+100SMS igura 3,000 RWF
Yello!Umaze kugura 5,000FRW(7GB) igura 5,000 RWF
*143*R*Y'ello, the transaction with amount 14200 RWF for ESICIA LTD with message: 1734874172692585358074144 failed at 2024-09-21 15:49:01 .Please Contact MobileMoney HelpLine for Assistance.Thank you for using MTN MobileMoney.*EN#
*143*S*Your transaction to Mediatrice UWAYISENGA (250788658286) with 3000 RWF has been reversed at 2024-10-07 14:37:00. Your new balance is 10312 RWF. .Thank you for using MTN MobileMoney.*EN#
*143*R*Y'ello, the transaction with amount 11600 RWF for ESICIA LTD with message: 1763055172864732058074359 failed at 2024-10-11 14:00:00 .Please Contact MobileMoney HelpLine for Assistance.Thank you for using MTN MobileMoney.*EN#
Yello!Umaze kugura 3000Frw=2500Mins+100SMS igura 3,000 RWF
You have transferred 50000 RWF to Linda Green (250795963036) from your mobile money account 20077201001 imbank.bank at 2024-10-23 09:59:01. Your new balance:  . Message from sender: . Message to receiver: . Financial Transaction Id: 16400028923.
You have transferred 50000 RWF to Robert Brown (250795963036) from your mobile money account 20077201001 imbank.bank at 2024-10-23 16:43:03. Your new balance:  . Message from sender: . Message to receiver: . Financial Transaction Id: 16406794518.
You have transferred 20000 RWF to Jane Smith (250795963036) from your mobile money account 20077201001 imbank.bank at 2024-10-25 00:33:00. Your new balance:  . Message from sender: . Message to receiver: . Financial Transaction Id: 16433471329.
You have transferred 20000 RWF to Samuel Carter (250795963036) from your mobile money account 20077201001 imbank.bank at 2024-10-25 05:48:00. Your new balance:  . Message from sender: . Message to receiver: . Financial Transaction Id: 16434717507.
You have transferred 50000 RWF to Robert Brown (250795963036) from your mobile money account 20077201001 imbank.bank at 2024-10-26 21:52:01. Your new balance:  . Message from sender: . Message to receiver: . Financial Transaction Id: 16471170286.
You have transferred 10000 RWF to Jane Smith (250795963036) from your mobile money account 20077201001 imbank.bank at 2024-11-05 21:55:02. Your new balance:  . Message from sender: . Message to receiver: . Financial Transaction Id: 16664315282.
*143*R*Y'ello, the transaction with amount 5000 RWF for Data Bundle MTN with message:  failed at 2024-11-12 23:58:00 .Please Contact MobileMoney HelpLine for Assistance.Thank you for using MTN MobileMoney.*EN#
Yello!Umaze kugura 2000Frw=1000Mins+50SMS igura 2,000 RWF
Yello!Umaze kugura 3000Frw=2500Mins+100SMS igura 3,000 RWF
Yello!Umaze kugura 3000Frw=2500Mins+100SMS igura 3,000 RWF
